<?xml version="1.0" encoding="UTF-8"?>
<coverage generated="1757588478">
  <project timestamp="1757588478" name="Clover Coverage">
    <package name="App\Actions">
      <file name="/Users/abkrim/SitesLR12/unblock/app/Actions/CreateFirewallReportAction.php">
        <class name="App\Actions\CreateFirewallReportAction" namespace="App\Actions">
          <metrics complexity="2" methods="1" coveredmethods="1" conditionals="0" coveredconditionals="0" statements="16" coveredstatements="16" elements="17" coveredelements="17"/>
        </class>
        <line num="37" type="method" name="handle" visibility="public" complexity="2" crap="2" count="8"/>
        <line num="45" type="stmt" count="8"/>
        <line num="46" type="stmt" count="8"/>
        <line num="47" type="stmt" count="8"/>
        <line num="48" type="stmt" count="8"/>
        <line num="49" type="stmt" count="8"/>
        <line num="50" type="stmt" count="8"/>
        <line num="51" type="stmt" count="8"/>
        <line num="53" type="stmt" count="2"/>
        <line num="54" type="stmt" count="2"/>
        <line num="55" type="stmt" count="2"/>
        <line num="56" type="stmt" count="2"/>
        <line num="58" type="stmt" count="6"/>
        <line num="59" type="stmt" count="6"/>
        <line num="60" type="stmt" count="6"/>
        <line num="61" type="stmt" count="6"/>
        <line num="62" type="stmt" count="6"/>
        <metrics loc="66" ncloc="44" classes="1" methods="1" coveredmethods="1" conditionals="0" coveredconditionals="0" statements="16" coveredstatements="16" elements="17" coveredelements="17"/>
      </file>
      <file name="/Users/abkrim/SitesLR12/unblock/app/Actions/SendFirewallReportAction.php">
        <class name="App\Actions\SendFirewallReportAction" namespace="App\Actions">
          <metrics complexity="7" methods="1" coveredmethods="1" conditionals="0" coveredconditionals="0" statements="60" coveredstatements="60" elements="61" coveredelements="61"/>
        </class>
        <line num="38" type="method" name="handle" visibility="public" complexity="7" crap="7" count="4"/>
        <line num="46" type="stmt" count="4"/>
        <line num="47" type="stmt" count="4"/>
        <line num="48" type="stmt" count="4"/>
        <line num="49" type="stmt" count="4"/>
        <line num="50" type="stmt" count="4"/>
        <line num="51" type="stmt" count="4"/>
        <line num="52" type="stmt" count="4"/>
        <line num="53" type="stmt" count="4"/>
        <line num="54" type="stmt" count="4"/>
        <line num="55" type="stmt" count="4"/>
        <line num="56" type="stmt" count="4"/>
        <line num="57" type="stmt" count="4"/>
        <line num="58" type="stmt" count="4"/>
        <line num="59" type="stmt" count="4"/>
        <line num="60" type="stmt" count="4"/>
        <line num="61" type="stmt" count="4"/>
        <line num="62" type="stmt" count="4"/>
        <line num="63" type="stmt" count="4"/>
        <line num="65" type="stmt" count="4"/>
        <line num="68" type="stmt" count="4"/>
        <line num="69" type="stmt" count="4"/>
        <line num="70" type="stmt" count="1"/>
        <line num="72" type="stmt" count="1"/>
        <line num="73" type="stmt" count="1"/>
        <line num="74" type="stmt" count="1"/>
        <line num="75" type="stmt" count="1"/>
        <line num="76" type="stmt" count="1"/>
        <line num="80" type="stmt" count="3"/>
        <line num="81" type="stmt" count="3"/>
        <line num="82" type="stmt" count="2"/>
        <line num="83" type="stmt" count="2"/>
        <line num="86" type="stmt" count="3"/>
        <line num="87" type="stmt" count="3"/>
        <line num="88" type="stmt" count="3"/>
        <line num="89" type="stmt" count="3"/>
        <line num="90" type="stmt" count="3"/>
        <line num="91" type="stmt" count="3"/>
        <line num="92" type="stmt" count="3"/>
        <line num="93" type="stmt" count="3"/>
        <line num="94" type="stmt" count="3"/>
        <line num="95" type="stmt" count="3"/>
        <line num="96" type="stmt" count="3"/>
        <line num="97" type="stmt" count="3"/>
        <line num="98" type="stmt" count="3"/>
        <line num="101" type="stmt" count="2"/>
        <line num="102" type="stmt" count="2"/>
        <line num="103" type="stmt" count="2"/>
        <line num="104" type="stmt" count="2"/>
        <line num="106" type="stmt" count="1"/>
        <line num="107" type="stmt" count="1"/>
        <line num="108" type="stmt" count="1"/>
        <line num="109" type="stmt" count="1"/>
        <line num="110" type="stmt" count="1"/>
        <line num="111" type="stmt" count="1"/>
        <line num="112" type="stmt" count="1"/>
        <line num="113" type="stmt" count="1"/>
        <line num="115" type="stmt" count="1"/>
        <line num="116" type="stmt" count="1"/>
        <line num="117" type="stmt" count="1"/>
        <line num="118" type="stmt" count="1"/>
        <metrics loc="122" ncloc="98" classes="1" methods="1" coveredmethods="1" conditionals="0" coveredconditionals="0" statements="60" coveredstatements="60" elements="61" coveredelements="61"/>
      </file>
      <file name="/Users/abkrim/SitesLR12/unblock/app/Actions/UnblockIpAction.php">
        <class name="App\Actions\UnblockIpAction" namespace="App\Actions">
          <metrics complexity="7" methods="2" coveredmethods="1" conditionals="0" coveredconditionals="0" statements="23" coveredstatements="21" elements="25" coveredelements="22"/>
        </class>
        <line num="25" type="method" name="__construct" visibility="public" complexity="1" crap="1" count="5"/>
        <line num="27" type="stmt" count="5"/>
        <line num="41" type="method" name="handle" visibility="public" complexity="6" crap="6.03" count="5"/>
        <line num="44" type="stmt" count="5"/>
        <line num="47" type="stmt" count="4"/>
        <line num="50" type="stmt" count="1"/>
        <line num="53" type="stmt" count="1"/>
        <line num="56" type="stmt" count="0"/>
        <line num="57" type="stmt" count="0"/>
        <line num="59" type="stmt" count="1"/>
        <line num="61" type="stmt" count="1"/>
        <line num="62" type="stmt" count="1"/>
        <line num="63" type="stmt" count="1"/>
        <line num="64" type="stmt" count="1"/>
        <line num="65" type="stmt" count="1"/>
        <line num="69" type="stmt" count="1"/>
        <line num="70" type="stmt" count="1"/>
        <line num="71" type="stmt" count="1"/>
        <line num="72" type="stmt" count="1"/>
        <line num="74" type="stmt" count="4"/>
        <line num="75" type="stmt" count="4"/>
        <line num="76" type="stmt" count="4"/>
        <line num="77" type="stmt" count="4"/>
        <line num="78" type="stmt" count="4"/>
        <line num="79" type="stmt" count="4"/>
        <metrics loc="83" ncloc="58" classes="1" methods="2" coveredmethods="1" conditionals="0" coveredconditionals="0" statements="23" coveredstatements="21" elements="25" coveredelements="22"/>
      </file>
    </package>
    <package name="App\Jobs">
      <file name="/Users/abkrim/SitesLR12/unblock/app/Jobs/SendReportNotificationJob.php">
        <class name="App\Jobs\SendReportNotificationJob" namespace="App\Jobs">
          <metrics complexity="23" methods="6" coveredmethods="4" conditionals="0" coveredconditionals="0" statements="97" coveredstatements="81" elements="103" coveredelements="85"/>
        </class>
        <line num="25" type="method" name="__construct" visibility="public" complexity="1" crap="1" count="22"/>
        <line num="28" type="stmt" count="22"/>
        <line num="33" type="method" name="handle" visibility="public" complexity="13" crap="16.26" count="15"/>
        <line num="35" type="stmt" count="15"/>
        <line num="37" type="stmt" count="15"/>
        <line num="38" type="stmt" count="1"/>
        <line num="39" type="stmt" count="1"/>
        <line num="40" type="stmt" count="1"/>
        <line num="42" type="stmt" count="1"/>
        <line num="46" type="stmt" count="14"/>
        <line num="48" type="stmt" count="14"/>
        <line num="49" type="stmt" count="14"/>
        <line num="50" type="stmt" count="14"/>
        <line num="51" type="stmt" count="14"/>
        <line num="52" type="stmt" count="14"/>
        <line num="55" type="stmt" count="14"/>
        <line num="56" type="stmt" count="14"/>
        <line num="59" type="stmt" count="14"/>
        <line num="60" type="stmt" count="14"/>
        <line num="63" type="stmt" count="14"/>
        <line num="65" type="stmt" count="9"/>
        <line num="66" type="stmt" count="9"/>
        <line num="67" type="stmt" count="9"/>
        <line num="70" type="stmt" count="5"/>
        <line num="71" type="stmt" count="1"/>
        <line num="72" type="stmt" count="1"/>
        <line num="76" type="stmt" count="14"/>
        <line num="77" type="stmt" count="2"/>
        <line num="78" type="stmt" count="2"/>
        <line num="79" type="stmt" count="0"/>
        <line num="80" type="stmt" count="2"/>
        <line num="81" type="stmt" count="0"/>
        <line num="82" type="stmt" count="2"/>
        <line num="83" type="stmt" count="1"/>
        <line num="84" type="stmt" count="14"/>
        <line num="88" type="stmt" count="0"/>
        <line num="89" type="stmt" count="0"/>
        <line num="90" type="stmt" count="0"/>
        <line num="91" type="stmt" count="0"/>
        <line num="92" type="stmt" count="0"/>
        <line num="93" type="stmt" count="0"/>
        <line num="94" type="stmt" count="0"/>
        <line num="95" type="stmt" count="0"/>
        <line num="98" type="stmt" count="0"/>
        <line num="105" type="method" name="sendUserNotification" visibility="private" complexity="3" crap="3.14" count="14"/>
        <line num="107" type="stmt" count="14"/>
        <line num="108" type="stmt" count="0"/>
        <line num="109" type="stmt" count="0"/>
        <line num="110" type="stmt" count="0"/>
        <line num="111" type="stmt" count="0"/>
        <line num="113" type="stmt" count="0"/>
        <line num="117" type="stmt" count="14"/>
        <line num="119" type="stmt" count="14"/>
        <line num="120" type="stmt" count="14"/>
        <line num="121" type="stmt" count="14"/>
        <line num="122" type="stmt" count="14"/>
        <line num="123" type="stmt" count="14"/>
        <line num="124" type="stmt" count="14"/>
        <line num="125" type="stmt" count="14"/>
        <line num="126" type="stmt" count="14"/>
        <line num="127" type="stmt" count="14"/>
        <line num="128" type="stmt" count="14"/>
        <line num="129" type="stmt" count="14"/>
        <line num="130" type="stmt" count="14"/>
        <line num="131" type="stmt" count="14"/>
        <line num="137" type="method" name="sendAdminNotification" visibility="private" complexity="3" crap="3" count="10"/>
        <line num="140" type="stmt" count="10"/>
        <line num="143" type="stmt" count="10"/>
        <line num="145" type="stmt" count="10"/>
        <line num="146" type="stmt" count="10"/>
        <line num="147" type="stmt" count="10"/>
        <line num="148" type="stmt" count="10"/>
        <line num="149" type="stmt" count="10"/>
        <line num="150" type="stmt" count="10"/>
        <line num="151" type="stmt" count="10"/>
        <line num="152" type="stmt" count="10"/>
        <line num="153" type="stmt" count="10"/>
        <line num="154" type="stmt" count="10"/>
        <line num="155" type="stmt" count="10"/>
        <line num="156" type="stmt" count="10"/>
        <line num="157" type="stmt" count="10"/>
        <line num="158" type="stmt" count="10"/>
        <line num="167" type="method" name="determineIfWasBlocked" visibility="private" complexity="2" crap="2" count="16"/>
        <line num="170" type="stmt" count="16"/>
        <line num="174" type="stmt" count="16"/>
        <line num="175" type="stmt" count="11"/>
        <line num="180" type="stmt" count="6"/>
        <line num="186" type="method" name="sendCopyNotification" visibility="private" complexity="1" crap="1" count="1"/>
        <line num="189" type="stmt" count="1"/>
        <line num="191" type="stmt" count="1"/>
        <line num="192" type="stmt" count="1"/>
        <line num="193" type="stmt" count="1"/>
        <line num="194" type="stmt" count="1"/>
        <line num="195" type="stmt" count="1"/>
        <line num="196" type="stmt" count="1"/>
        <line num="197" type="stmt" count="1"/>
        <line num="198" type="stmt" count="1"/>
        <line num="199" type="stmt" count="1"/>
        <line num="200" type="stmt" count="1"/>
        <line num="201" type="stmt" count="1"/>
        <line num="202" type="stmt" count="1"/>
        <line num="203" type="stmt" count="1"/>
        <line num="204" type="stmt" count="1"/>
        <metrics loc="207" ncloc="165" classes="1" methods="6" coveredmethods="4" conditionals="0" coveredconditionals="0" statements="97" coveredstatements="81" elements="103" coveredelements="85"/>
      </file>
    </package>
    <package name="App\Services\Firewall">
      <file name="/Users/abkrim/SitesLR12/unblock/app/Services/Firewall/FirewallAnalysisResult.php">
        <class name="App\Services\Firewall\FirewallAnalysisResult" namespace="App\Services\Firewall">
          <metrics complexity="7" methods="5" coveredmethods="5" conditionals="0" coveredconditionals="0" statements="12" coveredstatements="12" elements="17" coveredelements="17"/>
        </class>
        <line num="14" type="method" name="__construct" visibility="public" complexity="1" crap="1" count="53"/>
        <line num="18" type="stmt" count="53"/>
        <line num="20" type="method" name="isBlocked" visibility="public" complexity="1" crap="1" count="34"/>
        <line num="22" type="stmt" count="34"/>
        <line num="25" type="method" name="getLogs" visibility="public" complexity="1" crap="1" count="32"/>
        <line num="27" type="stmt" count="32"/>
        <line num="30" type="method" name="getAnalysis" visibility="public" complexity="1" crap="1" count="29"/>
        <line num="32" type="stmt" count="29"/>
        <line num="40" type="method" name="combine" visibility="public" complexity="3" crap="3" count="29"/>
        <line num="42" type="stmt" count="29"/>
        <line num="43" type="stmt" count="29"/>
        <line num="44" type="stmt" count="29"/>
        <line num="46" type="stmt" count="29"/>
        <line num="47" type="stmt" count="29"/>
        <line num="48" type="stmt" count="29"/>
        <line num="49" type="stmt" count="29"/>
        <line num="52" type="stmt" count="29"/>
        <metrics loc="55" ncloc="45" classes="1" methods="5" coveredmethods="5" conditionals="0" coveredconditionals="0" statements="12" coveredstatements="12" elements="17" coveredelements="17"/>
      </file>
      <file name="/Users/abkrim/SitesLR12/unblock/app/Services/Firewall/FirewallAnalyzerFactory.php">
        <class name="App\Services\Firewall\FirewallAnalyzerFactory" namespace="App\Services\Firewall">
          <metrics complexity="5" methods="3" coveredmethods="3" conditionals="0" coveredconditionals="0" statements="12" coveredstatements="12" elements="15" coveredelements="15"/>
        </class>
        <line num="19" type="method" name="__construct" visibility="public" complexity="1" crap="1" count="7"/>
        <line num="21" type="stmt" count="7"/>
        <line num="28" type="method" name="registerAnalyzer" visibility="public" complexity="2" crap="2" count="2"/>
        <line num="30" type="stmt" count="2"/>
        <line num="31" type="stmt" count="1"/>
        <line num="32" type="stmt" count="1"/>
        <line num="33" type="stmt" count="1"/>
        <line num="36" type="stmt" count="1"/>
        <line num="44" type="method" name="createForHost" visibility="public" complexity="2" crap="2" count="6"/>
        <line num="46" type="stmt" count="6"/>
        <line num="47" type="stmt" count="1"/>
        <line num="48" type="stmt" count="1"/>
        <line num="49" type="stmt" count="1"/>
        <line num="52" type="stmt" count="5"/>
        <line num="54" type="stmt" count="5"/>
        <metrics loc="57" ncloc="44" classes="1" methods="3" coveredmethods="3" conditionals="0" coveredconditionals="0" statements="12" coveredstatements="12" elements="15" coveredelements="15"/>
      </file>
    </package>
    <file name="/Users/abkrim/SitesLR12/unblock/app/Services/Firewall/FirewallAnalyzerInterface.php">
      <metrics loc="29" ncloc="13" classes="0" methods="0" coveredmethods="0" conditionals="0" coveredconditionals="0" statements="0" coveredstatements="0" elements="0" coveredelements="0"/>
    </file>
    <package name="App\Services\Firewall\V2">
      <file name="/Users/abkrim/SitesLR12/unblock/app/Services/Firewall/V2/FirewallOrchestrator.php">
        <class name="App\Services\Firewall\V2\FirewallOrchestrator" namespace="App\Services\Firewall\V2">
          <metrics complexity="16" methods="8" coveredmethods="7" conditionals="0" coveredconditionals="0" statements="97" coveredstatements="96" elements="105" coveredelements="103"/>
        </class>
        <line num="28" type="method" name="__construct" visibility="public" complexity="1" crap="1" count="10"/>
        <line num="33" type="stmt" count="10"/>
        <line num="39" type="method" name="executeFirewallCheck" visibility="public" complexity="3" crap="3" count="6"/>
        <line num="42" type="stmt" count="6"/>
        <line num="43" type="stmt" count="6"/>
        <line num="46" type="stmt" count="6"/>
        <line num="49" type="stmt" count="5"/>
        <line num="50" type="stmt" count="5"/>
        <line num="51" type="stmt" count="5"/>
        <line num="52" type="stmt" count="5"/>
        <line num="53" type="stmt" count="5"/>
        <line num="54" type="stmt" count="5"/>
        <line num="55" type="stmt" count="5"/>
        <line num="58" type="stmt" count="5"/>
        <line num="60" type="stmt" count="5"/>
        <line num="63" type="stmt" count="3"/>
        <line num="64" type="stmt" count="3"/>
        <line num="65" type="stmt" count="1"/>
        <line num="69" type="stmt" count="3"/>
        <line num="70" type="stmt" count="3"/>
        <line num="71" type="stmt" count="3"/>
        <line num="72" type="stmt" count="3"/>
        <line num="73" type="stmt" count="3"/>
        <line num="74" type="stmt" count="3"/>
        <line num="75" type="stmt" count="3"/>
        <line num="78" type="stmt" count="3"/>
        <line num="81" type="stmt" count="3"/>
        <line num="83" type="stmt" count="3"/>
        <line num="84" type="stmt" count="3"/>
        <line num="85" type="stmt" count="3"/>
        <line num="86" type="stmt" count="3"/>
        <line num="87" type="stmt" count="3"/>
        <line num="88" type="stmt" count="3"/>
        <line num="90" type="stmt" count="3"/>
        <line num="91" type="stmt" count="5"/>
        <line num="93" type="stmt" count="2"/>
        <line num="94" type="stmt" count="2"/>
        <line num="95" type="stmt" count="2"/>
        <line num="96" type="stmt" count="2"/>
        <line num="97" type="stmt" count="2"/>
        <line num="98" type="stmt" count="2"/>
        <line num="99" type="stmt" count="2"/>
        <line num="100" type="stmt" count="2"/>
        <line num="103" type="stmt" count="2"/>
        <line num="105" type="stmt" count="2"/>
        <line num="106" type="stmt" count="2"/>
        <line num="107" type="stmt" count="2"/>
        <line num="108" type="stmt" count="2"/>
        <line num="116" type="method" name="performAnalysis" visibility="private" complexity="4" crap="4.00" count="5"/>
        <line num="118" type="stmt" count="5"/>
        <line num="119" type="stmt" count="5"/>
        <line num="120" type="stmt" count="5"/>
        <line num="121" type="stmt" count="5"/>
        <line num="122" type="stmt" count="5"/>
        <line num="124" type="stmt" count="5"/>
        <line num="125" type="stmt" count="4"/>
        <line num="126" type="stmt" count="0"/>
        <line num="127" type="stmt" count="1"/>
        <line num="128" type="stmt" count="5"/>
        <line num="130" type="stmt" count="3"/>
        <line num="131" type="stmt" count="3"/>
        <line num="132" type="stmt" count="3"/>
        <line num="133" type="stmt" count="3"/>
        <line num="134" type="stmt" count="3"/>
        <line num="135" type="stmt" count="3"/>
        <line num="137" type="stmt" count="3"/>
        <line num="144" type="method" name="performUnblock" visibility="private" complexity="1" crap="1" count="1"/>
        <line num="146" type="stmt" count="1"/>
        <line num="147" type="stmt" count="1"/>
        <line num="148" type="stmt" count="1"/>
        <line num="149" type="stmt" count="1"/>
        <line num="150" type="stmt" count="1"/>
        <line num="152" type="stmt" count="1"/>
        <line num="153" type="stmt" count="1"/>
        <line num="155" type="stmt" count="1"/>
        <line num="156" type="stmt" count="1"/>
        <line num="157" type="stmt" count="1"/>
        <line num="158" type="stmt" count="1"/>
        <line num="159" type="stmt" count="1"/>
        <line num="160" type="stmt" count="1"/>
        <line num="162" type="stmt" count="1"/>
        <line num="168" type="method" name="loadUser" visibility="private" complexity="2" crap="2" count="6"/>
        <line num="170" type="stmt" count="6"/>
        <line num="172" type="stmt" count="6"/>
        <line num="173" type="stmt" count="1"/>
        <line num="176" type="stmt" count="6"/>
        <line num="182" type="method" name="loadHost" visibility="private" complexity="2" crap="2" count="6"/>
        <line num="184" type="stmt" count="6"/>
        <line num="186" type="stmt" count="6"/>
        <line num="187" type="stmt" count="1"/>
        <line num="190" type="stmt" count="6"/>
        <line num="196" type="method" name="validateIpAddress" visibility="private" complexity="2" crap="2" count="6"/>
        <line num="198" type="stmt" count="6"/>
        <line num="199" type="stmt" count="1"/>
        <line num="206" type="method" name="getHealthStatus" visibility="public" complexity="1" crap="1" count="1"/>
        <line num="208" type="stmt" count="1"/>
        <line num="209" type="stmt" count="1"/>
        <line num="210" type="stmt" count="1"/>
        <line num="211" type="stmt" count="1"/>
        <line num="212" type="stmt" count="1"/>
        <line num="213" type="stmt" count="1"/>
        <line num="214" type="stmt" count="1"/>
        <line num="215" type="stmt" count="1"/>
        <line num="216" type="stmt" count="1"/>
        <line num="217" type="stmt" count="1"/>
        <metrics loc="220" ncloc="175" classes="1" methods="8" coveredmethods="7" conditionals="0" coveredconditionals="0" statements="97" coveredstatements="96" elements="105" coveredelements="103"/>
      </file>
    </package>
    <metrics files="8" loc="839" ncloc="642" classes="7" methods="26" coveredmethods="22" conditionals="0" coveredconditionals="0" statements="317" coveredstatements="298" elements="343" coveredelements="320"/>
  </project>
</coverage>
